0 silly argv {
0 silly argv   _: [ 'publish' ],
0 silly argv   composed: 'publish',
0 silly argv   lernaVersion: '4.0.0',
0 silly argv   '$0': 'E:\\prgfiles\\nodejs\\node_global\\node_modules\\lerna\\cli.js'
0 silly argv }
1 notice cli v4.0.0
2 verbose rootPath D:\bscspace\pancake-toolkit
3 info versioning independent
4 verbose session 932eb25dee7b4edb
5 verbose user-agent lerna/4.0.0/node@v15.10.0+x64 (win32)
6 silly argv { _: [ 'publish' ], composed: 'publish', lernaVersion: '4.0.0' }
7 verbose rootPath D:\bscspace\pancake-toolkit
8 silly isAnythingCommitted
9 verbose isAnythingCommitted 1
10 silly getCurrentBranch
11 verbose currentBranch master
12 silly remoteBranchExists
13 silly isBehindUpstream
14 silly isBehindUpstream master is behind origin/master by 0 commit(s) and ahead by 0
15 silly hasTags
16 verbose hasTags true
17 silly git-describe.sync "@tokenbest/uikit@0.34.8-1-ga5a6e7e" => {"lastTagName":"@tokenbest/uikit@0.34.8","lastVersion":"0.34.8","refCount":"1","sha":"a5a6e7e","isDirty":false}
18 info Looking for changed packages since @tokenbest/uikit@0.34.8
19 info ignoring diff in paths matching [ '**/__tests__/**', '**/*.md', '**/.storybook/**' ]
20 silly checking diff packages/eslint-config-pancake
21 silly no diff found in @pancakeswap/eslint-config-pancake
22 silly checking diff packages/pancake-uikit
23 silly found diff in packages/pancake-uikit/package.json
23 silly found diff in packages/pancake-uikit/src/ResetCSS.tsx
23 silly found diff in packages/pancake-uikit/src/components/Svg/Icons/Pmail.tsx
23 silly found diff in packages/pancake-uikit/src/widgets/Menu/icons/Pbag.tsx
23 silly found diff in packages/pancake-uikit/src/widgets/Menu/icons/Pdoctor.tsx
23 silly found diff in packages/pancake-uikit/src/widgets/Menu/icons/Pfind.tsx
23 silly found diff in packages/pancake-uikit/src/widgets/Menu/icons/Phome.tsx
23 silly found diff in packages/pancake-uikit/src/widgets/Menu/icons/Pinfo.tsx
23 silly found diff in packages/pancake-uikit/src/widgets/Menu/icons/Pstar.tsx
24 verbose filtered diff [
24 verbose filtered diff   'packages/pancake-uikit/package.json',
24 verbose filtered diff   'packages/pancake-uikit/src/ResetCSS.tsx',
24 verbose filtered diff   'packages/pancake-uikit/src/components/Svg/Icons/Pmail.tsx',
24 verbose filtered diff   'packages/pancake-uikit/src/widgets/Menu/icons/Pbag.tsx',
24 verbose filtered diff   'packages/pancake-uikit/src/widgets/Menu/icons/Pdoctor.tsx',
24 verbose filtered diff   'packages/pancake-uikit/src/widgets/Menu/icons/Pfind.tsx',
24 verbose filtered diff   'packages/pancake-uikit/src/widgets/Menu/icons/Phome.tsx',
24 verbose filtered diff   'packages/pancake-uikit/src/widgets/Menu/icons/Pinfo.tsx',
24 verbose filtered diff   'packages/pancake-uikit/src/widgets/Menu/icons/Pstar.tsx'
24 verbose filtered diff ]
25 verbose updated @tokenbest/uikit
26 verbose git-describe undefined => "@tokenbest/uikit@0.34.8-1-ga5a6e7e"
27 silly git-describe parsed => {"lastTagName":"@tokenbest/uikit@0.34.8","lastVersion":"0.34.8","refCount":"1","sha":"a5a6e7e","isDirty":false}
28 silly independent for @tokenbest/uikit at D:\bscspace\pancake-toolkit\packages\pancake-uikit
29 verbose getChangelogConfig using preset "conventional-changelog-angular"
30 silly npa Result {
30 silly npa   type: 'tag',
30 silly npa   registry: true,
30 silly npa   where: undefined,
30 silly npa   raw: 'conventional-changelog-angular',
30 silly npa   name: 'conventional-changelog-angular',
30 silly npa   escapedName: 'conventional-changelog-angular',
30 silly npa   scope: undefined,
30 silly npa   rawSpec: '',
30 silly npa   saveSpec: null,
30 silly npa   fetchSpec: 'latest',
30 silly npa   gitRange: undefined,
30 silly npa   gitCommittish: undefined,
30 silly npa   hosted: undefined
30 silly npa }
31 verbose getChangelogConfig Attempting to resolve preset "conventional-changelog-angular"
32 info getChangelogConfig Successfully resolved preset "conventional-changelog-angular"
33 verbose independent increment 0.34.8 by patch
34 info execute Skipping releases
35 silly lifecycle No script for "preversion" in "pancake-toolkit", continuing
36 silly lifecycle No script for "preversion" in "@tokenbest/uikit", continuing
37 silly lifecycle No script for "version" in "@tokenbest/uikit", continuing
38 silly independent for @tokenbest/uikit at D:\bscspace\pancake-toolkit\packages\pancake-uikit
39 silly independent writing new entry: "## [0.34.9](https://github.com/pancakeswap/pancake-toolkit/tree/master/packages/pancake-uikit/compare/@tokenbest/uikit@0.34.8...@tokenbest/uikit@0.34.9) (2021-07-15)\n\n**Note:** Version bump only for package @tokenbest/uikit\n\n\n\n"
40 verbose independent wrote D:\bscspace\pancake-toolkit\packages\pancake-uikit\CHANGELOG.md
41 silly lifecycle No script for "version" in "pancake-toolkit", continuing
42 silly gitAdd [
42 silly gitAdd   'packages/pancake-uikit/package.json',
42 silly gitAdd   'packages/pancake-uikit/CHANGELOG.md'
42 silly gitAdd ]
43 silly gitCommit chore(release): Publish
43 silly gitCommit
43 silly gitCommit  - @tokenbest/uikit@0.34.9
44 verbose git [
44 verbose git   'commit',
44 verbose git   '-F',
44 verbose git   'C:\\Users\\neo\\AppData\\Local\\Temp\\dbd43489-de3e-4493-bb80-f8381d538b16\\lerna-commit.txt'
44 verbose git ]
45 silly gitTag @tokenbest/uikit@0.34.9
46 verbose git [ 'tag', '@tokenbest/uikit@0.34.9', '-m', '@tokenbest/uikit@0.34.9' ]
47 silly lifecycle No script for "postversion" in "@tokenbest/uikit", continuing
48 silly lifecycle No script for "postversion" in "pancake-toolkit", continuing
49 info git Pushing tags...
50 silly gitPush origin master
51 info publish Publishing packages to npm...
52 notice Skipping all user and access validation due to third-party registry
53 notice Make sure you're authenticated properly ¯\_(ツ)_/¯
54 warn ENOLICENSE Package @tokenbest/uikit is missing a license.
54 warn ENOLICENSE One way to fix this is to add a LICENSE.md file to the root of this repository.
54 warn ENOLICENSE See https://choosealicense.com for additional guidance.
55 silly getCurrentSHA
56 verbose getCurrentSHA 5fd5a3f3b9cf02af2daac6ae7f1503a693973ecc
57 silly lifecycle No script for "prepublish" in "pancake-toolkit", continuing
58 silly lifecycle No script for "prepare" in "pancake-toolkit", continuing
59 silly lifecycle No script for "prepublishOnly" in "pancake-toolkit", continuing
60 silly lifecycle No script for "prepack" in "pancake-toolkit", continuing
61 verbose pack-directory packages\pancake-uikit
62 silly lifecycle No script for "prepublish" in "@tokenbest/uikit", continuing
63 silly lifecycle No script for "prepare" in "@tokenbest/uikit", continuing
64 silly lifecycle "prepublishOnly" starting in "@tokenbest/uikit"
65 info lifecycle @tokenbest/uikit@0.34.9~prepublishOnly: @tokenbest/uikit@0.34.9
66 warn lifecycle The node binary used for scripts is E:\prgfiles\nodejs\node.exe but npm is using E:\prgfiles\nodejs\node_global\node_modules\node\bin\node.exe itself. Use the `--scripts-prepend-node-path` option to include the path for the node binary npm was executed with.
67 verbose lifecycle @tokenbest/uikit@0.34.9~prepublishOnly: unsafe-perm in lifecycle true
68 verbose lifecycle @tokenbest/uikit@0.34.9~prepublishOnly: PATH: E:\prgfiles\nodejs\node_global\node_modules\lerna\node_modules\npm-lifecycle\node-gyp-bin;D:\bscspace\pancake-toolkit\packages\pancake-uikit\node_modules\.bin;C:\Python39\Scripts\;C:\Python39\;C:\PROGRAM FILES\BROADCOM\BROADCOM 802.11 NETWORK ADAPTER;C:\PROGRAM FILES (X86)\INTEL\ICLS CLIENT\;C:\PROGRAM FILES\INTEL\ICLS CLIENT\;C:\WINDOWS\SYSTEM32;C:\WINDOWS;C:\WINDOWS\SYSTEM32\WBEM;C:\WINDOWS\SYSTEM32\WINDOWSPOWERSHELL\V1.0\;C:\PROGRAM FILES (X86)\INTEL\INTEL(R) MANAGEMENT ENGINE COMPONENTS\DAL;C:\PROGRAM FILES\INTEL\INTEL(R) MANAGEMENT ENGINE COMPONENTS\DAL;C:\PROGRAM FILES (X86)\INTEL\INTEL(R) MANAGEMENT ENGINE COMPONENTS\IPT;C:\PROGRAM FILES\INTEL\INTEL(R) MANAGEMENT ENGINE COMPONENTS\IPT;C:\PROGRAM FILES (X86)\AMD\ATI.ACE\CORE-STATIC;D:\PROGRAM FILES\PTC\CREO ELEMENTS\PRO5.0\BIN;E:\prgfiles\nodejs\node_global;e:\PrgFiles\Git\cmd;E:\prgfiles\Python\Python39-32;C:\ProgramData\chocolatey\bin;E:\prgfiles\nodejs\;E:\prgfiles\Yarn\bin\;E:\prgfiles\pngquant-windows\pngquant;C:\Program Files\TortoiseSVN\bin;E:\greensoft\xampp\php;C:\Program Files\Docker\Docker\resources\bin;C:\ProgramData\DockerDesktop\version-bin;E:\prgfiles\Android\Sdk\platform-tools;E:\prgfiles\Android\Sdk\emulator;E:\prgfiles\Android\Sdk\tools;E:\prgfiles\Android\Sdk\tools\bin;C:\Program Files\Java\jdk1.8.0_40\\jre\bin;C:\Program Files\Java\jdk1.8.0_40\\bin;C:\Users\neo\.cargo\bin;C:\Users\neo\.windows-build-tools\python27\;C:\Users\neo\AppData\Local\Microsoft\WindowsApps;E:\prgfiles\Microsoft VS Code\bin;C:\Users\neo\AppData\Roaming\npm;C:\Users\neo\AppData\Local\Yarn\bin;E:\prgfiles\Python27;
69 verbose lifecycle @tokenbest/uikit@0.34.9~prepublishOnly: CWD: D:\bscspace\pancake-toolkit\packages\pancake-uikit
70 silly lifecycle @tokenbest/uikit@0.34.9~prepublishOnly: Args: [ '/d /s /c', 'yarn build' ]
71 silly lifecycle @tokenbest/uikit@0.34.9~prepublishOnly: Returned: code: 0  signal: null
72 silly lifecycle "prepublishOnly" finished in "@tokenbest/uikit"
73 silly lifecycle No script for "prepack" in "@tokenbest/uikit", continuing
74 silly lifecycle No script for "postpack" in "@tokenbest/uikit", continuing
75 verbose packed packages\pancake-uikit
76 silly lifecycle No script for "postpack" in "pancake-toolkit", continuing
77 verbose publish @tokenbest/uikit
78 silly FetchError: request to https://registry.npm.taobao.org/@tokenbest%2fuikit failed, reason: getaddrinfo ENOTFOUND registry.npm.taobao.org
78 silly     at ClientRequest.<anonymous> (E:\prgfiles\nodejs\node_global\node_modules\lerna\node_modules\minipass-fetch\lib\index.js:97:14)
78 silly     at ClientRequest.emit (node:events:378:20)
78 silly     at TLSSocket.socketErrorListener (node:_http_client:462:9)
78 silly     at TLSSocket.emit (node:events:390:22)
78 silly     at emitErrorNT (node:internal/streams/destroy:188:8)
78 silly     at emitErrorCloseNT (node:internal/streams/destroy:153:3)
78 silly     at processTicksAndRejections (node:internal/process/task_queues:81:21)
78 silly  FetchError: request to https://registry.npm.taobao.org/@tokenbest%2fuikit failed, reason: getaddrinfo ENOTFOUND registry.npm.taobao.org
78 silly     at ClientRequest.<anonymous> (E:\prgfiles\nodejs\node_global\node_modules\lerna\node_modules\minipass-fetch\lib\index.js:97:14)
78 silly     at ClientRequest.emit (node:events:378:20)
78 silly     at TLSSocket.socketErrorListener (node:_http_client:462:9)
78 silly     at TLSSocket.emit (node:events:390:22)
78 silly     at emitErrorNT (node:internal/streams/destroy:188:8)
78 silly     at emitErrorCloseNT (node:internal/streams/destroy:153:3)
78 silly     at processTicksAndRejections (node:internal/process/task_queues:81:21) {
78 silly   code: 'ENOTFOUND',
78 silly   errno: 'ENOTFOUND',
78 silly   syscall: 'getaddrinfo',
78 silly   hostname: 'registry.npm.taobao.org',
78 silly   type: 'system'
78 silly }
79 error ENOTFOUND request to https://registry.npm.taobao.org/@tokenbest%2fuikit failed, reason: getaddrinfo ENOTFOUND registry.npm.taobao.org
80 error FetchError: request to https://registry.npm.taobao.org/@tokenbest%2fuikit failed, reason: getaddrinfo ENOTFOUND registry.npm.taobao.org
80 error     at ClientRequest.<anonymous> (E:\prgfiles\nodejs\node_global\node_modules\lerna\node_modules\minipass-fetch\lib\index.js:97:14)
80 error     at ClientRequest.emit (node:events:378:20)
80 error     at TLSSocket.socketErrorListener (node:_http_client:462:9)
80 error     at TLSSocket.emit (node:events:390:22)
80 error     at emitErrorNT (node:internal/streams/destroy:188:8)
80 error     at emitErrorCloseNT (node:internal/streams/destroy:153:3)
